<?xml version="1.0" encoding="UTF-8"?>
<testng-results skipped="0" failed="0" ignored="0" total="1" passed="1">
  <reporter-output>
  </reporter-output>
  <suite name="Suite" duration-ms="10021" started-at="2018-12-15T09:44:21Z" finished-at="2018-12-15T09:44:31Z">
    <groups>
    </groups>
    <test name="Test" duration-ms="10021" started-at="2018-12-15T09:44:21Z" finished-at="2018-12-15T09:44:31Z">
      <class name="facebooklogin.com.login">
        <test-method status="PASS" signature="testSetUp()[pri:0, instance:facebooklogin.com.login@2fb3536e]" name="testSetUp" is-config="true" duration-ms="30" started-at="2018-12-15T09:44:21Z" finished-at="2018-12-15T09:44:21Z">
          <reporter-output>
          </reporter-output>
        </test-method> <!-- testSetUp -->
        <test-method status="PASS" signature="verifyGooglePageTittle()[pri:0, instance:facebooklogin.com.login@2fb3536e]" name="verifyGooglePageTittle" duration-ms="6265" started-at="2018-12-15T09:44:22Z" finished-at="2018-12-15T09:44:28Z">
          <reporter-output>
          </reporter-output>
        </test-method> <!-- verifyGooglePageTittle -->
        <test-method status="PASS" signature="tearDown()[pri:0, instance:facebooklogin.com.login@2fb3536e]" name="tearDown" is-config="true" duration-ms="3677" started-at="2018-12-15T09:44:28Z" finished-at="2018-12-15T09:44:31Z">
          <reporter-output>
          </reporter-output>
        </test-method> <!-- tearDown -->
      </class> <!-- facebooklogin.com.login -->
    </test> <!-- Test -->
  </suite> <!-- Suite -->
</testng-results>
